<?xml version="1.0" encoding="UTF-8"?>
<!-- Generated by org.testng.reporters.JUnitReportReporter -->
<testsuite hostname="LAPTOP-0I2FV75B" failures="0" tests="1" name="runner.RunnerClass" time="24.802" errors="0" timestamp="2022-01-16T11:50:11 IST" skipped="0">
  <testcase classname="runner.RunnerClass" name="runScenario" time="24.802"/>
  <system-out/>
</testsuite> <!-- runner.RunnerClass -->
